<?xml version="1.0" encoding="UTF-8"?>
<testsuite name="Matrix" tests="4" skipped="0" failures="0" errors="0" timestamp="2021-02-11T09:36:46" hostname="Lilya" time="0.614">
  <properties/>
  <testcase name="Determinant" classname="Matrix" time="0.583"/>
  <testcase name="Transpose" classname="Matrix" time="0.014"/>
  <testcase name="Inverse" classname="Matrix" time="0.008"/>
  <testcase name="Cofactor" classname="Matrix" time="0.005"/>
  <system-out><![CDATA[]]></system-out>
  <system-err><![CDATA[]]></system-err>
</testsuite>
